Batch ID: 1:1
Day: Sun
Slot Index: 1
Old Tokens: 9
Tokens Booked: 1
New Tokens: 8
Date: 2026-01-24 09:27:14

Batch ID: 1:1
Day: Sun
Slot Index: 1
Old Tokens: 8
Tokens Booked: 1
New Tokens: 7
Date: 2026-01-24 09:27:57

Batch ID: 1:1
Day: Sun
Slot Index: 1
Old Tokens: 6
Tokens Booked: 1
New Tokens: 5
Date: 2026-01-24 09:35:22

Batch ID: 1:1
Day: Sun
Slot Index: 1
Old Tokens: 5
Tokens Booked: 1
New Tokens: 4
Date: 2026-01-24 09:35:39

Batch ID: 1:1
Day: Sun
Slot Index: 1
Old Tokens: 4
Tokens Booked: 1
New Tokens: 3
Date: 2026-01-24 09:37:25

Batch ID: 1:1
Day: Sun
Slot Index: 1
Old Tokens: 3
Tokens Booked: 1
New Tokens: 2
Date: 2026-01-24 09:39:48

Batch ID: 1:1
Day: Sun
Slot Index: 1
Old Tokens: 0
Tokens Booked: 1
New Tokens: 0
Date: 2026-01-24 18:45:31

