2026-01-22 13:45:48 - Input received:
Array
(
    [amount] => 57.00
    [currency] => INR
    [user_id] => 85960
    [customer_id] => 774100
    [appointment_id] => APT-1769083139502
    [customer_name] => Barani
    [customer_email] => barani@gmail.com
    [customer_phone] => +918888888888
    [gst_type] => inclusive
    [gst_percent] => 28.00
    [gst_amount] => 0
    [total_amount] => 57.00
)


2026-01-22 13:45:48 - Hash calculation:
Hash String: gtKFFx|256ec9dff36044e9db7c|57.00|Booking Payment|Barani|barani@gmail.com||||||||||4R38IvwiV57FwVpsgOvTXBdLE4tHUXFW
Generated Hash: 19c33148e21917864df1bf7386635647beadf50de8c793d9cc961abe3f5e04af5e9b9511dbd668eea81049d10e024011d14578aacf1366f27cfb172150048bc8

2026-01-22 13:48:08 - Input received:
Array
(
    [amount] => 57.00
    [currency] => INR
    [user_id] => 85960
    [customer_id] => 774100
    [appointment_id] => APT-1769083139502
    [customer_name] => Barani
    [customer_email] => barani@gmail.com
    [customer_phone] => +918888888888
    [gst_type] => inclusive
    [gst_percent] => 28.00
    [gst_amount] => 0
    [total_amount] => 57.00
)


2026-01-22 13:48:08 - Hash calculation:
Hash String: gtKFFx|1eb12c5c7c320ee24ad6|57.00|Booking Payment|Barani|barani@gmail.com|85960HOS1hjis|774100|85960|0.00|inclusive||||||4R38IvwiV57FwVpsgOvTXBdLE4tHUXFW
Generated Hash: c96e22694736167593aceb2da8f93e72949e552e304b079759a12dc1c0d18ccb528ab5bb6b86556219938e8668667c2c9d9a8a7b1bcbe57f6967439242f59d91

2026-01-22 13:53:41 - Input received:
Array
(
    [amount] => 57.00
    [currency] => INR
    [user_id] => 85960
    [customer_id] => 774100
    [appointment_id] => APT-1769083139502
    [customer_name] => Barani
    [customer_email] => barani@gmail.com
    [customer_phone] => +918888888888
    [gst_type] => inclusive
    [gst_percent] => 28.00
    [gst_amount] => 0
    [total_amount] => 57.00
)


2026-01-22 13:53:41 - Hash calculation:
Hash String: gtKFFx|6a3fe9e9762a3a44b9a0|57.00|Booking Payment|Barani|barani@gmail.com||||||||||4R38IvwiV57FwVpsgOvTXBdLE4tHUXFW
Generated Hash: e57c24b680954e5b1ca3c1dc63a56e861b32834a752bbeb547a9553db162ef9cc02204e965271025af13aad96a0f18ca478bb13eddb234d725576df168d3cd47

2026-01-22 13:54:26 - Input received:
Array
(
    [amount] => 57.00
    [currency] => INR
    [user_id] => 85960
    [customer_id] => 774100
    [appointment_id] => APT-1769083139502
    [customer_name] => Barani
    [customer_email] => barani@gmail.com
    [customer_phone] => +918888888888
    [gst_type] => inclusive
    [gst_percent] => 28.00
    [gst_amount] => 0
    [total_amount] => 57.00
)


2026-01-22 13:54:26 - Hash calculation:
Hash String: gtKFFx|5c5678398a6cae8d87fc|57.00|Booking Payment|Barani|barani@gmail.com||||||||||4R38IvwiV57FwVpsgOvTXBdLE4tHUXFW
Generated Hash: 45ab8ada025685de118d90f95851081191ed1eaa3920b2981a08e806b47fc844ea222f2e5226cde058b321d34129cdce11233335df7e86943385fb5ff4d94797

2026-01-22 13:54:48 - Input received:
Array
(
    [amount] => 57.00
    [currency] => INR
    [user_id] => 85960
    [customer_id] => 774100
    [appointment_id] => APT-1769083139502
    [customer_name] => Barani
    [customer_email] => barani@gmail.com
    [customer_phone] => +918888888888
    [gst_type] => inclusive
    [gst_percent] => 28.00
    [gst_amount] => 0
    [total_amount] => 57.00
)


2026-01-22 13:54:48 - Hash calculation:
Hash String: gtKFFx|804e5a75c90c6e2897ca|57.00|Booking Payment|Barani|barani@gmail.com||||||||||4R38IvwiV57FwVpsgOvTXBdLE4tHUXFW
Generated Hash: 06742d45b6b97dfb13174655039a07aa086237b7c140af7fad4256c80f092069993cc17853b4d36efe8595b04b30d4c92e344d85ccb1c2e77e65befaa07a50af

